* using log directory ‘/Users/LoRdi-Region/Desktop/FAC/Licence:Master/SEMESTRE 8/Programmation R/Projet-Sudoku-Fofana-Bernard/Sudoku.Rcheck’
* using R version 4.0.4 (2021-02-15)
* using platform: x86_64-apple-darwin17.0 (64-bit)
* using session charset: UTF-8
* using options ‘--no-manual --as-cran’
* checking for file ‘Sudoku/DESCRIPTION’ ... OK
* checking extension type ... Package
* this is package ‘Sudoku’ version ‘0.1.0’
* package encoding: UTF-8
* checking package namespace information ... OK
* checking package dependencies ... OK
* checking if this is a source package ... OK
* checking if there is a namespace ... OK
* checking for executable files ... OK
* checking for hidden files and directories ... OK
* checking for portable file names ... OK
* checking for sufficient/correct file permissions ... OK
* checking serialization versions ... OK
* checking whether package ‘Sudoku’ can be installed ... OK
* checking installed package size ... OK
* checking package directory ... OK
* checking for future file timestamps ... OK
* checking DESCRIPTION meta-information ... WARNING
Non-standard license specification:
  What license is it under?
Standardizable: FALSE
* checking top-level files ... OK
* checking for left-over files ... OK
* checking index information ... OK
* checking package subdirectories ... OK
* checking R files for non-ASCII characters ... OK
* checking R files for syntax errors ... OK
* checking whether the package can be loaded ... ERROR
Loading this package had a fatal error status code 1
Loading log:
Error in library(Sudoku) : there is no package called ‘Sudoku’
Execution halted
* DONE
Status: 1 ERROR, 1 WARNING
